<?xml version="1.0" encoding="UTF-8"?>
<!-- Generated by org.testng.reporters.JUnitXMLReporter -->
<testsuite ignored="0" hostname="Rathesh-Gt" failures="0" tests="3" name="Default test" time="39.272" errors="0" timestamp="2026-02-27T14:06:54 IST">
  <testcase classname="testing.LoginJavaExcel" name="loginTest" time="3.558"/>
  <testcase classname="testing.LoginJavaExcel" name="loginTest" time="3.476"/>
  <testcase classname="testing.LoginJavaExcel" name="loginTest" time="3.679"/>
</testsuite> <!-- Default test -->
