<?xml version="1.0" encoding="UTF-8"?>
<testng-results ignored="0" total="3" passed="3" failed="0" skipped="0">
  <reporter-output>
  </reporter-output>
  <suite started-at="2026-02-27T14:06:15 IST" name="Default suite" finished-at="2026-02-27T14:06:54 IST" duration-ms="39272">
    <groups>
    </groups>
    <test started-at="2026-02-27T14:06:15 IST" name="Default test" finished-at="2026-02-27T14:06:54 IST" duration-ms="39272">
      <class name="testing.LoginJavaExcel">
        <test-method is-config="true" signature="setup()[pri:0, instance:testing.LoginJavaExcel@6a78afa0]" started-at="2026-02-27T14:06:17 IST" name="setup" finished-at="2026-02-27T14:06:27 IST" duration-ms="9641" status="PASS">
          <reporter-output>
          </reporter-output>
        </test-method> <!-- setup -->
        <test-method signature="loginTest(java.lang.String,java.lang.String)[pri:0, instance:testing.LoginJavaExcel@6a78afa0]" started-at="2026-02-27T14:06:27 IST" name="loginTest" data-provider="excelData" finished-at="2026-02-27T14:06:30 IST" duration-ms="3558" status="PASS">
          <params>
            <param index="0">
              <value>
                <![CDATA[user1]]>
              </value>
            </param>
            <param index="1">
              <value>
                <![CDATA[pass1]]>
              </value>
            </param>
          </params>
          <reporter-output>
          </reporter-output>
        </test-method> <!-- loginTest -->
        <test-method is-config="true" signature="tearDown()[pri:0, instance:testing.LoginJavaExcel@6a78afa0]" started-at="2026-02-27T14:06:30 IST" name="tearDown" finished-at="2026-02-27T14:06:31 IST" duration-ms="785" status="PASS">
          <reporter-output>
          </reporter-output>
        </test-method> <!-- tearDown -->
        <test-method is-config="true" signature="setup()[pri:0, instance:testing.LoginJavaExcel@6a78afa0]" started-at="2026-02-27T14:06:31 IST" name="setup" finished-at="2026-02-27T14:06:38 IST" duration-ms="6838" status="PASS">
          <reporter-output>
          </reporter-output>
        </test-method> <!-- setup -->
        <test-method signature="loginTest(java.lang.String,java.lang.String)[pri:0, instance:testing.LoginJavaExcel@6a78afa0]" started-at="2026-02-27T14:06:38 IST" name="loginTest" data-provider="excelData" finished-at="2026-02-27T14:06:41 IST" duration-ms="3476" status="PASS">
          <params>
            <param index="0">
              <value>
                <![CDATA[user2]]>
              </value>
            </param>
            <param index="1">
              <value>
                <![CDATA[pass2]]>
              </value>
            </param>
          </params>
          <reporter-output>
          </reporter-output>
        </test-method> <!-- loginTest -->
        <test-method is-config="true" signature="tearDown()[pri:0, instance:testing.LoginJavaExcel@6a78afa0]" started-at="2026-02-27T14:06:41 IST" name="tearDown" finished-at="2026-02-27T14:06:43 IST" duration-ms="1733" status="PASS">
          <reporter-output>
          </reporter-output>
        </test-method> <!-- tearDown -->
        <test-method is-config="true" signature="setup()[pri:0, instance:testing.LoginJavaExcel@6a78afa0]" started-at="2026-02-27T14:06:43 IST" name="setup" finished-at="2026-02-27T14:06:49 IST" duration-ms="6254" status="PASS">
          <reporter-output>
          </reporter-output>
        </test-method> <!-- setup -->
        <test-method signature="loginTest(java.lang.String,java.lang.String)[pri:0, instance:testing.LoginJavaExcel@6a78afa0]" started-at="2026-02-27T14:06:49 IST" name="loginTest" data-provider="excelData" finished-at="2026-02-27T14:06:53 IST" duration-ms="3679" status="PASS">
          <params>
            <param index="0">
              <value>
                <![CDATA[user3]]>
              </value>
            </param>
            <param index="1">
              <value>
                <![CDATA[pass3]]>
              </value>
            </param>
          </params>
          <reporter-output>
          </reporter-output>
        </test-method> <!-- loginTest -->
        <test-method is-config="true" signature="tearDown()[pri:0, instance:testing.LoginJavaExcel@6a78afa0]" started-at="2026-02-27T14:06:53 IST" name="tearDown" finished-at="2026-02-27T14:06:54 IST" duration-ms="908" status="PASS">
          <reporter-output>
          </reporter-output>
        </test-method> <!-- tearDown -->
      </class> <!-- testing.LoginJavaExcel -->
    </test> <!-- Default test -->
  </suite> <!-- Default suite -->
</testng-results>
