<?xml version="1.0" encoding="UTF-8"?>
<testng-results ignored="0" total="1" passed="1" failed="0" skipped="0">
  <reporter-output>
  </reporter-output>
  <suite started-at="2026-02-27T11:38:18 IST" name="Default suite" finished-at="2026-02-27T11:38:18 IST" duration-ms="43">
    <groups>
    </groups>
    <test started-at="2026-02-27T11:38:18 IST" name="Default test" finished-at="2026-02-27T11:38:18 IST" duration-ms="43">
      <class name="LoginTest1">
        <test-method is-config="true" signature="setup()[pri:0, instance:LoginTest1@411f53a0]" started-at="2026-02-27T11:38:18 IST" name="setup" finished-at="2026-02-27T11:38:18 IST" duration-ms="10" status="PASS">
          <reporter-output>
          </reporter-output>
        </test-method> <!-- setup -->
        <test-method signature="testLogin()[pri:0, instance:LoginTest1@411f53a0]" started-at="2026-02-27T11:38:18 IST" name="testLogin" finished-at="2026-02-27T11:38:18 IST" duration-ms="4" status="PASS">
          <reporter-output>
          </reporter-output>
        </test-method> <!-- testLogin -->
        <test-method is-config="true" signature="teardown()[pri:0, instance:LoginTest1@411f53a0]" started-at="2026-02-27T11:38:18 IST" name="teardown" finished-at="2026-02-27T11:38:18 IST" duration-ms="0" status="PASS">
          <reporter-output>
          </reporter-output>
        </test-method> <!-- teardown -->
      </class> <!-- LoginTest1 -->
    </test> <!-- Default test -->
  </suite> <!-- Default suite -->
</testng-results>
