<?xml version="1.0" encoding="UTF-8"?>
<testng-results ignored="0" total="3" passed="3" failed="0" skipped="0">
  <reporter-output>
  </reporter-output>
  <suite started-at="2026-03-02T11:09:13 IST" name="Default suite" finished-at="2026-03-02T11:09:13 IST" duration-ms="59">
    <groups>
    </groups>
    <test started-at="2026-03-02T11:09:13 IST" name="Default test" finished-at="2026-03-02T11:09:13 IST" duration-ms="59">
      <class name="TestNG.TestCase">
        <test-method signature="test1()[pri:0, instance:TestNG.TestCase@35cabb2a]" started-at="2026-03-02T11:09:13 IST" name="test1" finished-at="2026-03-02T11:09:13 IST" duration-ms="9" status="PASS">
          <reporter-output>
          </reporter-output>
        </test-method> <!-- test1 -->
        <test-method signature="test2()[pri:0, instance:TestNG.TestCase@35cabb2a]" started-at="2026-03-02T11:09:13 IST" name="test2" finished-at="2026-03-02T11:09:13 IST" duration-ms="1" status="PASS">
          <reporter-output>
          </reporter-output>
        </test-method> <!-- test2 -->
        <test-method signature="test3()[pri:0, instance:TestNG.TestCase@35cabb2a]" started-at="2026-03-02T11:09:13 IST" name="test3" finished-at="2026-03-02T11:09:13 IST" duration-ms="0" status="PASS">
          <reporter-output>
          </reporter-output>
        </test-method> <!-- test3 -->
      </class> <!-- TestNG.TestCase -->
    </test> <!-- Default test -->
  </suite> <!-- Default suite -->
</testng-results>
