<?xml version="1.0" encoding="UTF-8"?>
<!-- Generated by org.testng.reporters.JUnitReportReporter -->
<testsuite hostname="Rathesh-Gt" failures="0" tests="7" name="testing.LoginDataDataBase" time="26.913" errors="0" timestamp="2026-02-18T12:17:31 IST" skipped="0">
  <testcase classname="testing.LoginDataDataBase" name="loginTest" time="3.811"/>
  <testcase classname="testing.LoginDataDataBase" name="loginTest" time="3.788"/>
  <testcase classname="testing.LoginDataDataBase" name="loginTest" time="4.942"/>
  <testcase classname="testing.LoginDataDataBase" name="loginTest" time="3.903"/>
  <testcase classname="testing.LoginDataDataBase" name="loginTest" time="3.484"/>
  <testcase classname="testing.LoginDataDataBase" name="loginTest" time="3.518"/>
  <testcase classname="testing.LoginDataDataBase" name="loginTest" time="3.467"/>
</testsuite> <!-- testing.LoginDataDataBase -->
