<?xml version="1.0" encoding="UTF-8"?>
<!-- Generated by org.testng.reporters.JUnitReportReporter -->
<testsuite hostname="Rathesh-Gt" failures="0" tests="3" name="testing.LoginTest" time="12.697" errors="0" timestamp="2026-02-18T10:34:09 IST" skipped="0">
  <testcase classname="testing.LoginTest" name="loginTest" time="5.653"/>
  <testcase classname="testing.LoginTest" name="loginTest" time="3.576"/>
  <testcase classname="testing.LoginTest" name="loginTest" time="3.468"/>
</testsuite> <!-- testing.LoginTest -->
