<?xml version="1.0" encoding="UTF-8"?>
<!-- Generated by org.testng.reporters.JUnitReportReporter -->
<testsuite hostname="Rathesh-Gt" failures="0" tests="3" name="testing.LoginJava" time="12.193" errors="0" timestamp="2026-02-18T11:37:49 IST" skipped="0">
  <testcase classname="testing.LoginJava" name="loginTest" time="3.965"/>
  <testcase classname="testing.LoginJava" name="loginTest" time="4.826"/>
  <testcase classname="testing.LoginJava" name="loginTest" time="3.402"/>
</testsuite> <!-- testing.LoginJava -->
