<?xml version="1.0" encoding="UTF-8"?>
<!-- Generated by org.testng.reporters.JUnitReportReporter -->
<testsuite hostname="Rathesh-Gt" failures="0" tests="3" name="testing.LoginJavaExcel" time="36.872" errors="0" timestamp="2026-02-27T14:06:54 IST" skipped="0">
  <testcase classname="testing.LoginJavaExcel" name="loginTest" time="14.850"/>
  <testcase classname="testing.LoginJavaExcel" name="loginTest" time="11.302"/>
  <testcase classname="testing.LoginJavaExcel" name="loginTest" time="10.720"/>
</testsuite> <!-- testing.LoginJavaExcel -->
