<?xml version="1.0" encoding="UTF-8"?>
<!-- Generated by org.testng.reporters.JUnitReportReporter -->
<testsuite hostname="Rathesh-Gt" failures="0" tests="3" name="TestNG.TestCase" time="0.010" errors="0" timestamp="2026-03-02T11:09:13 IST" skipped="0">
  <testcase classname="TestNG.TestCase" name="test3" time="0.000"/>
  <testcase classname="TestNG.TestCase" name="test1" time="0.009"/>
  <testcase classname="TestNG.TestCase" name="test2" time="0.001"/>
</testsuite> <!-- TestNG.TestCase -->
