<?xml version="1.0" encoding="UTF-8"?>
<testng-results ignored="0" total="1" passed="1" failed="0" skipped="0">
  <reporter-output>
  </reporter-output>
  <suite started-at="2026-02-26T17:54:11 IST" name="Default suite" finished-at="2026-02-26T17:54:16 IST" duration-ms="5106">
    <groups>
    </groups>
    <test started-at="2026-02-26T17:54:11 IST" name="Default test" finished-at="2026-02-26T17:54:16 IST" duration-ms="5106">
      <class name="GoogleTest">
        <test-method signature="openGoogle()[pri:0, instance:GoogleTest@f6efaab]" started-at="2026-02-26T17:54:11 IST" name="openGoogle" finished-at="2026-02-26T17:54:16 IST" duration-ms="5063" status="PASS">
          <reporter-output>
          </reporter-output>
        </test-method> <!-- openGoogle -->
      </class> <!-- GoogleTest -->
    </test> <!-- Default test -->
  </suite> <!-- Default suite -->
</testng-results>
